> Task :app:preBuild UP-TO-DATE
> Task :app:preDebugBuild UP-TO-DATE
> Task :app:mergeDebugNativeDebugMetadata NO-SOURCE
> Task :app:checkKotlinGradlePluginConfigurationErrors SKIPPED
> Task :app:dataBindingMergeDependencyArtifactsDebug UP-TO-DATE
> Task :app:generateDebugResValues UP-TO-DATE
> Task :app:generateDebugResources UP-TO-DATE
> Task :app:mergeDebugResources UP-TO-DATE
> Task :app:packageDebugResources UP-TO-DATE
> Task :app:processDebugNavigationResources UP-TO-DATE
> Task :app:parseDebugLocalResources UP-TO-DATE
> Task :app:dataBindingGenBaseClassesDebug UP-TO-DATE
> Task :app:checkDebugAarMetadata UP-TO-DATE
> Task :app:compileDebugNavigationResources UP-TO-DATE
> Task :app:mapDebugSourceSetPaths UP-TO-DATE
> Task :app:createDebugCompatibleScreenManifests UP-TO-DATE
> Task :app:extractDeepLinksDebug UP-TO-DATE
> Task :app:processDebugMainManifest
> Task :app:processDebugManifest
> Task :app:javaPreCompileDebug UP-TO-DATE
> Task :app:mergeDebugShaders UP-TO-DATE
> Task :app:compileDebugShaders NO-SOURCE
> Task :app:generateDebugAssets UP-TO-DATE
> Task :app:mergeDebugAssets UP-TO-DATE
> Task :app:compressDebugAssets UP-TO-DATE
> Task :app:checkDebugDuplicateClasses UP-TO-DATE
> Task :app:desugarDebugFileDependencies UP-TO-DATE
> Task :app:mergeExtDexDebug UP-TO-DATE
> Task :app:mergeLibDexDebug UP-TO-DATE
> Task :app:mergeDebugJniLibFolders UP-TO-DATE
> Task :app:mergeDebugNativeLibs NO-SOURCE
> Task :app:stripDebugDebugSymbols NO-SOURCE
> Task :app:validateSigningDebug UP-TO-DATE
> Task :app:writeDebugAppMetadata UP-TO-DATE
> Task :app:writeDebugSigningConfigVersions UP-TO-DATE
> Task :app:processDebugManifestForPackage
> Task :app:processDebugResources

> Task :app:compileDebugKotlin FAILED
e: file:///D:/mqttgoogleplaypj/codetest/MqttPanelCraftV2/MqttPanelCraft/app/src/main/java/com/example/mqttpanelcraft/ProjectViewActivity.kt:689:32 Unresolved reference 'updateBottomInset'.
e: file:///D:/mqttgoogleplaypj/codetest/MqttPanelCraftV2/MqttPanelCraft/app/src/main/java/com/example/mqttpanelcraft/ProjectViewActivity.kt:702:28 Unresolved reference 'updateBottomInset'.
e: file:///D:/mqttgoogleplaypj/codetest/MqttPanelCraftV2/MqttPanelCraft/app/src/main/java/com/example/mqttpanelcraft/ui/CanvasInteractionManager.kt:133:79 Unresolved reference 'bottomInset'.
e: file:///D:/mqttgoogleplaypj/codetest/MqttPanelCraftV2/MqttPanelCraft/app/src/main/java/com/example/mqttpanelcraft/ui/CanvasInteractionManager.kt:134:72 Overload resolution ambiguity between candidates:
fun <T> Iterable<T>.minus(element: T): List<T>
fun <K, V> Map<out K, V>.minus(key: K): Map<K, V>
fun <T> Set<T>.minus(element: T): Set<T>
fun <T> Sequence<T>.minus(element: T): Sequence<T>
e: file:///D:/mqttgoogleplaypj/codetest/MqttPanelCraftV2/MqttPanelCraft/app/src/main/java/com/example/mqttpanelcraft/ui/CanvasInteractionManager.kt:134:80 Overload resolution ambiguity between candidates:
fun <T> Iterable<T>.minus(element: T): List<T>
fun <K, V> Map<out K, V>.minus(key: K): Map<K, V>
fun <T> Set<T>.minus(element: T): Set<T>
fun <T> Sequence<T>.minus(element: T): Sequence<T>

FAILURE: Build failed with an exception.

* What went wrong:
Execution failed for task ':app:compileDebugKotlin'.
> A failure occurred while executing org.jetbrains.kotlin.compilerRunner.GradleCompilerRunnerWithWorkers$GradleKotlinCompilerWorkAction
   > Compilation error. See log for more details

* Try:
> Run with --stacktrace option to get the stack trace.
> Run with --info or --debug option to get more log output.
> Run with --scan to get full insights.
> Get more help at https://help.gradle.org.

BUILD FAILED in 4s
30 actionable tasks: 5 executed, 25 up-to-date
